\BOOKMARK [0][-]{chapter.1}{\376\377\000R\000a\000c\000c\000o\000u\000r\000c\000i\000s\000\040\000c\000l\000a\000v\000i\000e\000r\000\040\000d\000i\000v\000e\000r\000s}{}% 1
\BOOKMARK [0][-]{chapter.2}{\376\377\000N\000a\000v\000i\000g\000a\000t\000i\000o\000n\000\040\000d\000a\000n\000s\000\040\000l\000e\000s\000\040\000d\000o\000s\000s\000i\000e\000r\000s}{}% 2
\BOOKMARK [0][-]{chapter.3}{\376\377\000M\000a\000n\000i\000p\000u\000l\000e\000r\000\040\000l\000e\000s\000\040\000f\000i\000c\000h\000i\000e\000r\000s}{}% 3
\BOOKMARK [0][-]{chapter.4}{\376\377\000L\000e\000s\000\040\000f\000l\000u\000x\000\040\000d\000e\000\040\000r\000e\000d\000i\000r\000e\000c\000t\000i\000o\000n}{}% 4
\BOOKMARK [0][-]{chapter.5}{\376\377\000S\000u\000r\000v\000e\000i\000l\000l\000e\000r\000\040\000l\040\031\000a\000c\000t\000i\000v\000i\000t\000\351\000\040\000d\000u\000\040\000s\000y\000s\000t\000\350\000m\000e}{}% 5
\BOOKMARK [0][-]{chapter.6}{\376\377\000E\000x\000\351\000c\000u\000t\000e\000r\000\040\000d\000e\000s\000\040\000p\000r\000o\000g\000r\000a\000m\000m\000e\000s\000\040\000e\000n\000\040\000a\000r\000r\000i\000\350\000r\000e\000-\000p\000l\000a\000n}{}% 6
\BOOKMARK [0][-]{chapter.7}{\376\377\000E\000x\000\351\000c\000u\000t\000e\000r\000\040\000u\000n\000\040\000p\000r\000o\000g\000r\000a\000m\000m\000e\000\040\000\340\000\040\000u\000n\000e\000\040\000h\000e\000u\000r\000e\000\040\000d\000i\000f\000f\000\351\000r\000\351\000e}{}% 7
\BOOKMARK [0][-]{chapter.8}{\376\377\000E\000x\000t\000r\000a\000i\000r\000e\000,\000\040\000t\000r\000i\000e\000r\000\040\000e\000t\000\040\000f\000i\000l\000t\000r\000e\000r\000\040\000d\000e\000s\000\040\000d\000o\000n\000n\000\351\000e\000s}{}% 8
\BOOKMARK [0][-]{chapter.9}{\376\377\000L\000e\000s\000\040\000u\000t\000i\000l\000i\000s\000a\000t\000e\000u\000r\000s\000\040\000e\000t\000\040\000l\000e\000s\000\040\000d\000r\000o\000i\000t\000s}{}% 9
\BOOKMARK [0][-]{chapter.10}{\376\377\000N\000a\000n\000o\000\040\000:\000\040\000\351\000d\000i\000t\000e\000u\000r\000\040\000d\000e\000\040\000t\000e\000x\000t\000e}{}% 10
\BOOKMARK [0][-]{chapter.11}{\376\377\000A\000l\000i\000a\000s}{}% 11
\BOOKMARK [0][-]{chapter.12}{\376\377\000I\000n\000s\000t\000a\000l\000l\000e\000r\000\040\000d\000e\000s\000\040\000p\000r\000o\000g\000r\000a\000m\000m\000e\000s\000\040\000a\000v\000e\000c\000\040\000a\000p\000t\000-\000g\000e\000t}{}% 12
\BOOKMARK [0][-]{chapter.13}{\376\377\000A\000\040\000p\000r\000o\000p\000o\000s\000\040\000d\000e\000s\000\040\000m\000a\000n\000u\000e\000l\000s}{}% 13
\BOOKMARK [0][-]{chapter.14}{\376\377\000R\000e\000c\000h\000e\000r\000c\000h\000e\000r\000\040\000d\000e\000s\000\040\000f\000i\000c\000h\000i\000e\000r\000s}{}% 14
\BOOKMARK [0][-]{chapter.15}{\376\377\000A\000r\000c\000h\000i\000v\000e\000r\000\040\000e\000t\000\040\000c\000o\000m\000p\000r\000e\000s\000s\000e\000r}{}% 15
\BOOKMARK [1][-]{section.15.1}{\376\377\000A\000r\000c\000h\000i\000v\000e\000r}{chapter.15}% 16
\BOOKMARK [1][-]{section.15.2}{\376\377\000C\000o\000m\000p\000r\000e\000s\000s\000e\000r\000\040\000u\000n\000e\000\040\000a\000r\000c\000h\000i\000v\000e}{chapter.15}% 17
\BOOKMARK [1][-]{section.15.3}{\376\377\000A\000r\000c\000h\000i\000v\000e\000r\000\040\000e\000t\000\040\000c\000o\000m\000p\000r\000e\000s\000s\000e\000r\000\040\000e\000n\000\040\000u\000n\000e\000\040\000c\000o\000m\000m\000a\000n\000d\000e}{chapter.15}% 18
\BOOKMARK [1][-]{section.15.4}{\376\377\000A\000f\000f\000i\000c\000h\000e\000r\000\040\000u\000n\000\040\000f\000i\000c\000h\000i\000e\000r\000\040\000a\000r\000c\000h\000i\000v\000\351\000\040\000s\000a\000n\000s\000\040\000l\000e\000\040\000d\000\351\000s\000a\000r\000c\000h\000i\000v\000e\000r}{chapter.15}% 19
\BOOKMARK [1][-]{section.15.5}{\376\377\000F\000i\000c\000h\000i\000e\000r\000s\000\040\000.\000z\000i\000p}{chapter.15}% 20
\BOOKMARK [1][-]{section.15.6}{\376\377\000F\000i\000c\000h\000i\000e\000r\000s\000\040\000.\000r\000a\000r}{chapter.15}% 21
\BOOKMARK [0][-]{chapter.16}{\376\377\000L\000a\000\040\000c\000o\000n\000n\000e\000x\000i\000o\000n\000\040\000s\000\351\000c\000u\000r\000i\000s\000\351\000e\000\040\000\340\000\040\000d\000i\000s\000t\000a\000n\000c\000e\000\040\000a\000v\000e\000c\000\040\000S\000S\000H}{}% 22
\BOOKMARK [0][-]{chapter.17}{\376\377\000T\000r\000a\000n\000s\000f\000\351\000r\000e\000r\000\040\000d\000e\000s\000\040\000f\000i\000c\000h\000i\000e\000r\000s}{}% 23
\BOOKMARK [1][-]{section.17.1}{\376\377\000w\000g\000e\000t\000\040\000:\000\040\000t\000\351\000l\000\351\000c\000h\000a\000r\000g\000e\000r\000\040\000u\000n\000\040\000f\000i\000c\000h\000i\000e\000r\000\040\000s\000u\000r\000\040\000l\000e\000\040\000w\000e\000b}{chapter.17}% 24
\BOOKMARK [1][-]{section.17.2}{\376\377\000s\000c\000p\000\040\000:\000\040\000c\000o\000p\000i\000e\000r\000/\000c\000o\000l\000l\000e\000r\000\040\000u\000n\000\040\000f\000i\000c\000h\000i\000e\000r\000\040\000p\000a\000r\000\040\000S\000S\000H}{chapter.17}% 25
\BOOKMARK [1][-]{section.17.3}{\376\377\000P\000r\000o\000t\000o\000c\000o\000l\000e\000\040\000f\000t\000p\000\040\000n\000o\000n\000\040\000s\000\351\000c\000u\000r\000i\000s\000\351}{chapter.17}% 26
\BOOKMARK [1][-]{section.17.4}{\376\377\000P\000r\000o\000t\000o\000c\000o\000l\000e\000\040\000f\000t\000p\000\040\000s\000\351\000c\000u\000r\000i\000s\000\351}{chapter.17}% 27
\BOOKMARK [1][-]{section.17.5}{\376\377\000r\000s\000y\000n\000c\000\040\000:\000\040\000s\000a\000u\000v\000e\000g\000a\000r\000d\000e\000s\000\040\000s\000u\000r\000\040\000u\000n\000\040\000s\000e\000r\000v\000e\000u\000r\000\040\000d\000i\000s\000t\000a\000n\000t}{chapter.17}% 28
\BOOKMARK [0][-]{chapter.18}{\376\377\000A\000n\000a\000l\000y\000s\000e\000r\000\040\000l\000e\000\040\000r\000\351\000s\000e\000a\000u\000\040\000e\000t\000\040\000f\000i\000l\000t\000r\000e\000r\000\040\000l\000e\000\040\000t\000r\000a\000f\000i\000c\000\040\000a\000v\000e\000c\000\040\000u\000n\000\040\000p\000a\000r\000e\000-\000f\000e\000u}{}% 29
\BOOKMARK [0][-]{chapter.19}{\376\377\000C\000o\000m\000p\000i\000l\000e\000r\000\040\000u\000n\000\040\000p\000r\000o\000g\000r\000a\000m\000m\000e\000\040\000d\000e\000p\000u\000i\000s\000\040\000l\000e\000s\000\040\000s\000o\000u\000r\000c\000e\000s}{}% 30
\BOOKMARK [1][-]{section.19.1}{\376\377\000P\000o\000u\000r\000\040\000c\000o\000m\000p\000i\000l\000e\000r\000\040\000u\000n\000\040\000p\000r\000o\000g\000r\000a\000m\000m\000e\000\040\000d\000e\000p\000u\000i\000s\000\040\000u\000n\000e\000\040\000s\000o\000u\000r\000c\000e}{chapter.19}% 31
\BOOKMARK [0][-]{chapter.20}{\376\377\000V\000I\000M\000\040\000:\000\040\000\351\000d\000i\000t\000e\000u\000r\000\040\000d\000e\000\040\000t\000e\000x\000t\000e\000\040\000a\000v\000a\000n\000c\000\351}{}% 32
\BOOKMARK [1][-]{section.20.1}{\376\377\000M\000o\000d\000e\000s\000\040\000d\000e\000\040\000V\000I\000M}{chapter.20}% 33
\BOOKMARK [1][-]{section.20.2}{\376\377\000O\000p\000t\000i\000o\000n\000s\000\040\000d\000e\000\040\000v\000i\000m}{chapter.20}% 34
\BOOKMARK [1][-]{section.20.3}{\376\377\000G\000\351\000r\000e\000r\000\040\000l\000e\000s\000\040\000p\000l\000u\000g\000i\000n\000s}{chapter.20}% 35
\BOOKMARK [0][-]{chapter.21}{\376\377\000S\000c\000r\000i\000p\000t\000s\000\040\000S\000h\000e\000l\000l}{}% 36
\BOOKMARK [1][-]{section.21.1}{\376\377\000R\000e\000m\000a\000r\000q\000u\000e\000s\000\040\000g\000\351\000n\000\351\000r\000a\000l\000e\000s}{chapter.21}% 37
\BOOKMARK [1][-]{section.21.2}{\376\377\000V\000a\000r\000i\000a\000b\000l\000e\000s}{chapter.21}% 38
\BOOKMARK [1][-]{section.21.3}{\376\377\000Q\000u\000o\000t\000e\000s}{chapter.21}% 39
\BOOKMARK [1][-]{section.21.4}{\376\377\000r\000e\000a\000d\000\040\000:\000\040\000D\000e\000m\000a\000n\000d\000e\000r\000\040\000u\000n\000e\000\040\000s\000a\000i\000s\000i\000e}{chapter.21}% 40
\BOOKMARK [1][-]{section.21.5}{\376\377\000O\000p\000\351\000r\000a\000t\000i\000o\000n\000s\000\040\000m\000a\000t\000h\000\351\000m\000a\000t\000i\000q\000u\000e\000s}{chapter.21}% 41
\BOOKMARK [1][-]{section.21.6}{\376\377\000L\000e\000s\000\040\000v\000a\000r\000i\000a\000b\000l\000e\000s\000\040\000d\040\031\000e\000n\000v\000i\000r\000o\000n\000n\000e\000m\000e\000n\000t}{chapter.21}% 42
\BOOKMARK [1][-]{section.21.7}{\376\377\000L\000e\000s\000\040\000p\000a\000r\000a\000m\000\350\000t\000r\000e\000s}{chapter.21}% 43
\BOOKMARK [1][-]{section.21.8}{\376\377\000L\000e\000s\000\040\000T\000a\000b\000l\000e\000a\000u\000x}{chapter.21}% 44
\BOOKMARK [1][-]{section.21.9}{\376\377\000L\000e\000s\000\040\000c\000o\000n\000d\000i\000t\000i\000o\000n\000s}{chapter.21}% 45
\BOOKMARK [1][-]{section.21.10}{\376\377\000S\000w\000i\000t\000c\000h\000\040\000c\000a\000s\000e}{chapter.21}% 46
\BOOKMARK [1][-]{section.21.11}{\376\377\000L\000e\000s\000\040\000b\000o\000u\000c\000l\000e\000s}{chapter.21}% 47
\BOOKMARK [1][-]{section.21.12}{\376\377\000L\000e\000s\000\040\000f\000o\000n\000c\000t\000i\000o\000n\000s}{chapter.21}% 48
\BOOKMARK [0][-]{chapter.22}{\376\377\000I\000n\000d\000i\000c\000e\000s\000\040\000a\000n\000d\000\040\000t\000a\000b\000l\000e\000s}{}% 49
